\BOOKMARK [1][-]{section.1}{\376\377\000C\000o\000n\000v\000e\000n\000t\000i\000o\000n\000s\000,\000\040\000a\000c\000k\000n\000o\000w\000l\000e\000d\000g\000e\000d\000\040\000r\000e\000s\000u\000l\000t\000s\000\040\000a\000n\000d\000\040\000d\000e\000f\000i\000n\000i\000t\000i\000o\000n\000\040\000f\000r\000o\000m\000\040\000a\000n\000a\000l\000y\000s\000i\000s\000\040\000a\000n\000d\000\040\000m\000e\000a\000s\000u\000r\000e\000\040\000t\000h\000e\000o\000r\000y}{}% 1
\BOOKMARK [2][-]{subsection.1.1}{\376\377\000M\000e\000a\000s\000u\000r\000e\000\040\000t\000h\000e\000o\000r\000y}{section.1}% 2
\BOOKMARK [2][-]{subsection.1.2}{\376\377\000A\000n\000a\000l\000y\000s\000i\000s}{section.1}% 3
\BOOKMARK [2][-]{subsection.1.3}{\376\377\000D\000i\000f\000f\000e\000r\000e\000n\000t\000i\000a\000t\000i\000o\000n\000\040\000o\000f\000\040\000R\000a\000d\000o\000n\000\040\000m\000e\000a\000s\000u\000r\000e\000\040\000a\000n\000d\000\040\000R\000a\000d\000o\000n\000-\000N\000i\000k\000o\000d\000y\000m\000\040\000T\000h\000e\000o\000r\000e\000m}{section.1}% 4
\BOOKMARK [1][-]{section.2}{\376\377\000H\000a\000u\000s\000d\000o\000r\000f\000f\000\040\000m\000e\000a\000s\000u\000r\000e}{}% 5
\BOOKMARK [2][-]{subsection.2.1}{\376\377\000P\000r\000o\000p\000e\000r\000t\000i\000e\000s\000\040\000o\000f\000\040\000H\000a\000u\000s\000d\000o\000r\000f\000f\000\040\000m\000e\000a\000s\000u\000r\000e}{section.2}% 6
\BOOKMARK [2][-]{subsection.2.2}{\376\377\000H\000a\000u\000s\000d\000o\000r\000f\000f\000\040\000d\000i\000m\000e\000n\000s\000i\000o\000n}{section.2}% 7
\BOOKMARK [2][-]{subsection.2.3}{\376\377\000D\000i\000m\000e\000n\000s\000i\000o\000n\000\040\000o\000f\000\040\000C\000a\000n\000t\000o\000r\000\040\000s\000e\000t\000s}{section.2}% 8
\BOOKMARK [2][-]{subsection.2.4}{\376\377\000I\000n\000t\000e\000g\000r\000a\000t\000i\000o\000n}{section.2}% 9
\BOOKMARK [1][-]{section.3}{\376\377\000C\000o\000n\000v\000e\000r\000g\000e\000n\000c\000e\000\040\000o\000f\000\040\000m\000e\000a\000s\000u\000r\000e\000s}{}% 10
\BOOKMARK [2][-]{subsection.3.1}{\376\377\000T\000o\000p\000o\000l\000o\000g\000i\000e\000s\000\040\000o\000n\000\040\000s\000p\000a\000c\000e\000s\000\040\000E\000\040\000a\000n\000d\000\040\000E\000*}{section.3}% 11
\BOOKMARK [2][-]{subsection.3.2}{\376\377\000V\000e\000c\000t\000o\000r\000\040\000v\000a\000l\000u\000e\000d\000\040\000m\000e\000a\000s\000u\000r\000e}{section.3}% 12
\BOOKMARK [2][-]{subsection.3.3}{\376\377\000R\000i\000e\000s\000z\000\040\000r\000e\000p\000r\000e\000s\000e\000n\000t\000a\000t\000i\000o\000n\000\040\000t\000h\000e\000o\000r\000e\000m\000s\000\040\000f\000o\000r\000\040\000v\000e\000c\000t\000o\000r\000\040\000v\000a\000l\000u\000e\000d\000\040\000m\000e\000a\000s\000u\000r\000e}{section.3}% 13
\BOOKMARK [2][-]{subsection.3.4}{\376\377\000I\000n\000t\000e\000r\000p\000r\000e\000t\000a\000t\000i\000o\000n\000\040\000o\000f\000\040\000B\000a\000n\000a\000c\000h\000-\000A\000l\000a\000o\000g\000l\000u\000\040\000t\000h\000e\000o\000r\000e\000m\000\040\000f\000o\000r\000\040\000v\000e\000c\000t\000o\000r\000\040\000v\000a\000l\000u\000e\000d\000\040\000m\000e\000a\000s\000u\000r\000e\000s}{section.3}% 14
\BOOKMARK [2][-]{subsection.3.5}{\376\377\000W\000e\000a\000k\000-\000*\000\040\000c\000o\000n\000v\000e\000r\000g\000e\000n\000c\000e\000\040\000o\000f\000\040\000m\000e\000a\000s\000u\000r\000e\000s}{section.3}% 15
\BOOKMARK [1][-]{section.4}{\376\377\000T\000a\000n\000g\000e\000n\000t\000s}{}% 16
\BOOKMARK [2][-]{subsection.4.1}{\376\377\000A\000p\000p\000r\000o\000x\000i\000m\000a\000t\000e\000\040\000T\000a\000n\000g\000e\000n\000t}{section.4}% 17
\BOOKMARK [2][-]{subsection.4.2}{\376\377\000T\000a\000n\000g\000e\000n\000t\000\040\000B\000u\000n\000d\000l\000e}{section.4}% 18
\BOOKMARK [1][-]{section.5}{\376\377\000C\000o\000u\000n\000t\000a\000b\000l\000y\000\040\000n\000-\000r\000e\000c\000t\000i\000f\000i\000a\000b\000l\000e\000\040\000s\000e\000t\000s}{}% 19
\BOOKMARK [1][-]{section.6}{\376\377\000D\000i\000f\000f\000e\000r\000e\000n\000t\000i\000a\000l\000\040\000c\000a\000l\000c\000u\000l\000u\000s\000\040\000r\000e\000s\000u\000l\000t\000s}{}% 20
\BOOKMARK [1][-]{section.7}{\376\377\000V\000a\000r\000i\000a\000t\000i\000o\000n\000s}{}% 21
\BOOKMARK [1][-]{section.8}{\376\377\000V\000a\000r\000i\000f\000o\000l\000d}{}% 22
\BOOKMARK [2][-]{subsection.8.1}{\376\377\000E\000x\000a\000m\000p\000l\000e\000s}{section.8}% 23
\BOOKMARK [1][-]{section*.1}{\376\377\000R\000e\000f\000e\000r\000e\000n\000c\000e\000s}{}% 24
